C51 COMPILER V9.52.0.0   BTNRANDOM                                                         07/31/2019 00:02:21 PAGE 1   


C51 COMPILER V9.52.0.0, COMPILATION OF MODULE BTNRANDOM
OBJECT MODULE PLACED IN btnrandom.OBJ
COMPILER INVOKED BY: E:\KeilC\C51\BIN\C51.EXE btnrandom.c BROWSE DEBUG OBJECTEXTEND TABS(2)

line level    source

   1          #include"..\Lib\main.h"
   2          #include"..\Lib\port.h"
   3          #include<stdio.h>
   4          
   5          
   6          unsigned char code Code7Seg[] = {0xC0, 0xF9, 0xA4, 0xB0, 0x99, 0x92, 0x82, 0xF8, 0x80, 0x90};
   7          
   8          int main()
   9          {
  10   1          
  11   1          unsigned char i=0;
  12   1          btn==1;
*** WARNING C275 IN LINE 12 OF btnrandom.c: expression with possibly no effect
  13   1          while(1)
  14   1          {
  15   2            while(btn==0)
  16   2            {
  17   3              i++;
  18   3      
  19   3              
  20   3            }
  21   2                  
  22   2              
  23   2                LED_7_SEG=Code7Seg[i%5+4];
  24   2            
  25   2            
  26   2            
  27   2          }
  28   1      
  29   1      }


MODULE INFORMATION:   STATIC OVERLAYABLE
   CODE SIZE        =     23    ----
   CONSTANT SIZE    =     10    ----
   XDATA SIZE       =   ----    ----
   PDATA SIZE       =   ----    ----
   DATA SIZE        =   ----    ----
   IDATA SIZE       =   ----    ----
   BIT SIZE         =   ----    ----
END OF MODULE INFORMATION.


C51 COMPILATION COMPLETE.  1 WARNING(S),  0 ERROR(S)
