C51 COMPILER V9.52.0.0   MAIN                                                              07/30/2019 21:53:20 PAGE 1   


C51 COMPILER V9.52.0.0, COMPILATION OF MODULE MAIN
OBJECT MODULE PLACED IN main.OBJ
COMPILER INVOKED BY: E:\KeilC\C51\BIN\C51.EXE main.c BROWSE DEBUG OBJECTEXTEND TABS(2)

line level    source

   1          #include "..\Lib\main.h"
   2          #include "..\Lib\port.h"
   3          #include "..\Lib\delay.h"
   4          
   5          
   6          bit PressedFlag =0;
   7          unsigned char DelayVaKiemTraPhim()
   8          {
   9   1        
  10   1        unsigned char i;
  11   1        for(i=0;i<50;i++)
  12   1        {
  13   2          delay_ms(10);
  14   2          if(btn==0)
  15   2          {
  16   3            if(PressedFlag==0)
  17   3            {
  18   4              PressedFlag=1;
  19   4              return 1;
  20   4            }
  21   3            else
  22   3            {
  23   4              PressedFlag=0;
  24   4            }
  25   3          }
  26   2          
  27   2        }
  28   1          return 0;
  29   1      }
  30          
  31          void main()
  32          { 
  33   1        unsigned char i;
  34   1        while(1)
  35   1        {
  36   2          
  37   2          LED=0x00;
  38   2          for(i=0;i<20;i++)
  39   2          {
  40   3            if(DelayVaKiemTraPhim()) break;
  41   3            LED=~LED;
  42   3          }
  43   2          LED=0xA5;
  44   2          for(i=0;i<20;i++)
  45   2          {
  46   3            if(DelayVaKiemTraPhim())break;
  47   3            LED=~LED;
  48   3          }
  49   2          LED=0x2A;
  50   2          for(i=0;i<20;i++)
  51   2          {
  52   3            if(DelayVaKiemTraPhim()) break;
  53   3            LED=~LED;
  54   3          }
  55   2        }
C51 COMPILER V9.52.0.0   MAIN                                                              07/30/2019 21:53:20 PAGE 2   

  56   1        
  57   1          
  58   1      
  59   1      }


MODULE INFORMATION:   STATIC OVERLAYABLE
   CODE SIZE        =    108    ----
   CONSTANT SIZE    =   ----    ----
   XDATA SIZE       =   ----    ----
   PDATA SIZE       =   ----    ----
   DATA SIZE        =   ----       2
   IDATA SIZE       =   ----    ----
   BIT SIZE         =      1    ----
END OF MODULE INFORMATION.


C51 COMPILATION COMPLETE.  0 WARNING(S),  0 ERROR(S)
